0 info it worked if it ends with ok
1 verbose cli [ 'C:\\Program Files\\nodejs\\\\node.exe',
1 verbose cli   'C:\\Program Files\\nodejs\\node_modules\\npm\\bin\\npm-cli.js',
1 verbose cli   'install',
1 verbose cli   '--save-dev',
1 verbose cli   'https://github.com/Mavrin/test-runner.git' ]
2 info using npm@1.4.28
3 info using node@v0.10.35
4 verbose node symlink C:\Program Files\nodejs\\node.exe
5 warn package.json karma-basisjs-test-runner@0.0.0 No repository field.
6 verbose readDependencies using package.json deps
7 verbose cache add [ 'https://github.com/Mavrin/test-runner.git', null ]
8 verbose cache add name=undefined spec="https://github.com/Mavrin/test-runner.git" args=["https://github.com/Mavrin/test-runner.git",null]
9 verbose parsed url { protocol: 'https:',
9 verbose parsed url   slashes: true,
9 verbose parsed url   auth: null,
9 verbose parsed url   host: 'github.com',
9 verbose parsed url   port: null,
9 verbose parsed url   hostname: 'github.com',
9 verbose parsed url   hash: null,
9 verbose parsed url   search: null,
9 verbose parsed url   query: null,
9 verbose parsed url   pathname: '/Mavrin/test-runner.git',
9 verbose parsed url   path: '/Mavrin/test-runner.git',
9 verbose parsed url   href: 'https://github.com/Mavrin/test-runner.git' }
10 silly lockFile dade053e-ithub-com-Mavrin-test-runner-git https://github.com/Mavrin/test-runner.git
11 verbose lock https://github.com/Mavrin/test-runner.git C:\Users\krivlenia\AppData\Roaming\npm-cache\dade053e-ithub-com-Mavrin-test-runner-git.lock
12 verbose addRemoteTarball [ 'https://github.com/Mavrin/test-runner.git', null ]
13 info retry fetch attempt 1 at 20:41:24
14 verbose fetch to= C:\Users\KRIVLE~1\AppData\Local\Temp\npm-9300-IZXjyDZ6\github.com\Mavrin\test-runner.git
15 http GET https://github.com/Mavrin/test-runner.git
16 http 200 https://github.com/Mavrin/test-runner.git
17 verbose tar unpack C:\Users\KRIVLE~1\AppData\Local\Temp\npm-9300-IZXjyDZ6\github.com\Mavrin\test-runner.git
18 silly lockFile b87bcc31-om-Mavrin-test-runner-git-unpack tar://C:\Users\KRIVLE~1\AppData\Local\Temp\npm-9300-IZXjyDZ6\github.com\Mavrin\test-runner.git-unpack
19 verbose lock tar://C:\Users\KRIVLE~1\AppData\Local\Temp\npm-9300-IZXjyDZ6\github.com\Mavrin\test-runner.git-unpack C:\Users\krivlenia\AppData\Roaming\npm-cache\b87bcc31-om-Mavrin-test-runner-git-unpack.lock
20 silly lockFile 0dae24d8-ithub-com-Mavrin-test-runner-git tar://C:\Users\KRIVLE~1\AppData\Local\Temp\npm-9300-IZXjyDZ6\github.com\Mavrin\test-runner.git
21 verbose lock tar://C:\Users\KRIVLE~1\AppData\Local\Temp\npm-9300-IZXjyDZ6\github.com\Mavrin\test-runner.git C:\Users\krivlenia\AppData\Roaming\npm-cache\0dae24d8-ithub-com-Mavrin-test-runner-git.lock
22 silly gunzTarPerm modes [ '777', '666' ]
23 error not a package C:\Users\KRIVLE~1\AppData\Local\Temp\npm-9300-IZXjyDZ6\github.com\Mavrin\test-runner.git
24 silly lockFile b87bcc31-om-Mavrin-test-runner-git-unpack tar://C:\Users\KRIVLE~1\AppData\Local\Temp\npm-9300-IZXjyDZ6\github.com\Mavrin\test-runner.git-unpack
25 silly lockFile b87bcc31-om-Mavrin-test-runner-git-unpack tar://C:\Users\KRIVLE~1\AppData\Local\Temp\npm-9300-IZXjyDZ6\github.com\Mavrin\test-runner.git-unpack
26 silly lockFile 0dae24d8-ithub-com-Mavrin-test-runner-git tar://C:\Users\KRIVLE~1\AppData\Local\Temp\npm-9300-IZXjyDZ6\github.com\Mavrin\test-runner.git
27 silly lockFile 0dae24d8-ithub-com-Mavrin-test-runner-git tar://C:\Users\KRIVLE~1\AppData\Local\Temp\npm-9300-IZXjyDZ6\github.com\Mavrin\test-runner.git
28 silly lockFile dade053e-ithub-com-Mavrin-test-runner-git https://github.com/Mavrin/test-runner.git
29 silly lockFile dade053e-ithub-com-Mavrin-test-runner-git https://github.com/Mavrin/test-runner.git
30 error Error: ENOENT, open 'C:\Users\KRIVLE~1\AppData\Local\Temp\npm-9300-IZXjyDZ6\github.com\Mavrin\test-runner.git-unpack\package.json'
31 error If you need help, you may report this *entire* log,
31 error including the npm and node versions, at:
31 error     <http://github.com/npm/npm/issues>
32 error System Windows_NT 6.1.7601
33 error command "C:\\Program Files\\nodejs\\\\node.exe" "C:\\Program Files\\nodejs\\node_modules\\npm\\bin\\npm-cli.js" "install" "--save-dev" "https://github.com/Mavrin/test-runner.git"
34 error cwd D:\mavrin\karma-basisjs-test-runner
35 error node -v v0.10.35
36 error npm -v 1.4.28
37 error path C:\Users\KRIVLE~1\AppData\Local\Temp\npm-9300-IZXjyDZ6\github.com\Mavrin\test-runner.git-unpack\package.json
38 error code ENOENT
39 error errno 34
40 verbose exit [ 34, true ]
